<?xml version="1.0" encoding="UTF-8"?>
<!-- Generated by org.testng.reporters.JUnitReportReporter -->
<testsuite skipped="0" hostname="DESKTOP-MP27P43" name="pom.sample.todaytix.AppTest" tests="3" failures="0" timestamp="01 May 2022 20:00:39 GMT" time="4.314" errors="0">
  <testcase name="verifyLogin" time="3.105" classname="pom.sample.todaytix.AppTest"/>
  <testcase name="verifyNegativeLogin" time="1.194" classname="pom.sample.todaytix.AppTest"/>
  <testcase name="verifyTitleOfLandingPage" time="0.015" classname="pom.sample.todaytix.AppTest"/>
</testsuite> <!-- pom.sample.todaytix.AppTest -->
