<?xml version="1.0" encoding="UTF-8"?>
<!-- Generated by org.testng.reporters.JUnitReportReporter -->
<testsuite skipped="0" hostname="DESKTOP-MP27P43" name="pom.sample.todaytix2.AppTest" tests="4" failures="0" timestamp="02 May 2022 02:20:13 GMT" time="7.971" errors="0">
  <testcase name="verifyTitleOfLandingPage" time="0.014" classname="pom.sample.todaytix2.AppTest"/>
  <testcase name="verifyLogin" time="3.142" classname="pom.sample.todaytix2.AppTest"/>
  <testcase name="verifyLoginEnteringInvalidEmail" time="3.829" classname="pom.sample.todaytix2.AppTest"/>
  <testcase name="verifyLoginWithoutEnteringPassword" time="0.986" classname="pom.sample.todaytix2.AppTest"/>
</testsuite> <!-- pom.sample.todaytix2.AppTest -->
